{"numFailedTestSuites":0,"numFailedTests":0,"numPassedTestSuites":1,"numPassedTests":8,"numPendingTestSuites":0,"numPendingTests":0,"numRuntimeErrorTestSuites":0,"numTodoTests":0,"numTotalTestSuites":1,"numTotalTests":8,"openHandles":[],"snapshot":{"added":0,"didUpdate":false,"failure":false,"filesAdded":0,"filesRemoved":0,"filesRemovedList":[],"filesUnmatched":0,"filesUpdated":0,"matched":0,"total":0,"unchecked":0,"uncheckedKeysByFile":[],"unmatched":0,"updated":0},"startTime":1772974394912,"success":true,"testResults":[{"assertionResults":[{"ancestorTitles":["DashboardPage"],"duration":71,"failureDetails":[],"failureMessages":[],"fullName":"DashboardPage renders dashboard page for authenticated user","invocations":1,"location":null,"numPassingAsserts":1,"retryReasons":[],"status":"passed","title":"renders dashboard page for authenticated user"},{"ancestorTitles":["DashboardPage"],"duration":27,"failureDetails":[],"failureMessages":[],"fullName":"DashboardPage renders portfolio upload section","invocations":1,"location":null,"numPassingAsserts":1,"retryReasons":[],"status":"passed","title":"renders portfolio upload section"},{"ancestorTitles":["DashboardPage"],"duration":78,"failureDetails":[],"failureMessages":[],"fullName":"DashboardPage renders navigation buttons","invocations":1,"location":null,"numPassingAsserts":1,"retryReasons":[],"status":"passed","title":"renders navigation buttons"},{"ancestorTitles":["DashboardPage"],"duration":16,"failureDetails":[],"failureMessages":[],"fullName":"DashboardPage renders service worker registration component","invocations":1,"location":null,"numPassingAsserts":1,"retryReasons":[],"status":"passed","title":"renders service worker registration component"},{"ancestorTitles":["DashboardPage"],"duration":63,"failureDetails":[],"failureMessages":[],"fullName":"DashboardPage shows a fresh upload chip and partial confidence warning for significant data issues","invocations":1,"location":null,"numPassingAsserts":3,"retryReasons":[],"status":"passed","title":"shows a fresh upload chip and partial confidence warning for significant data issues"},{"ancestorTitles":["DashboardPage"],"duration":29,"failureDetails":[],"failureMessages":[],"fullName":"DashboardPage shows restored-session messaging when analysis is recovered from browser storage","invocations":1,"location":null,"numPassingAsserts":3,"retryReasons":[],"status":"passed","title":"shows restored-session messaging when analysis is recovered from browser storage"},{"ancestorTitles":["DashboardPage"],"duration":48,"failureDetails":[],"failureMessages":[],"fullName":"DashboardPage shows recommended next steps above the detailed tabs","invocations":1,"location":null,"numPassingAsserts":4,"retryReasons":[],"status":"passed","title":"shows recommended next steps above the detailed tabs"},{"ancestorTitles":["DashboardPage"],"duration":34,"failureDetails":[],"failureMessages":[],"fullName":"DashboardPage explains when automated suggestions were skipped for split-affected symbols","invocations":1,"location":null,"numPassingAsserts":2,"retryReasons":[],"status":"passed","title":"explains when automated suggestions were skipped for split-affected symbols"}],"endTime":1772974402293,"message":"","name":"C:\\Users\\Jordan\\Documents\\Repositories\\OptionsTaxHub\\client\\tests\\unit\\dashboard.test.tsx","startTime":1772974395743,"status":"passed","summary":""}],"wasInterrupted":false}
